<?xml version="1.0" encoding="UTF-8"?>
<!-- Generated by org.testng.reporters.JUnitReportReporter -->
<testsuite hostname="DESKTOP-MSBUJAU" failures="0" tests="1" name="gitHubPackage.CreateName" time="0.021" errors="0" timestamp="2022-09-28T10:41:33 IST" skipped="0">
  <testcase classname="gitHubPackage.CreateName" name="create" time="0.021"/>
  <system-out/>
</testsuite> <!-- gitHubPackage.CreateName -->
